<?xml version="1.0" encoding="UTF-8"?>
<testng-results ignored="0" total="3" passed="2" failed="1" skipped="0">
  <reporter-output>
  </reporter-output>
  <suite started-at="2022-06-15T07:27:03 IST" name="Default suite" finished-at="2022-06-15T07:27:25 IST" duration-ms="21945">
    <groups>
    </groups>
    <test started-at="2022-06-15T07:27:03 IST" name="Default test" finished-at="2022-06-15T07:27:25 IST" duration-ms="21945">
      <class name="com.qa.nvn.testcases.HomePageTest">
        <test-method is-config="true" signature="setUp()[pri:0, instance:com.qa.nvn.testcases.HomePageTest@69e153c5]" started-at="2022-06-15T07:27:03 IST" name="setUp" finished-at="2022-06-15T07:27:11 IST" duration-ms="7524" status="PASS">
          <reporter-output>
          </reporter-output>
        </test-method> <!-- setUp -->
        <test-method signature="verifyMonitors()[pri:0, instance:com.qa.nvn.testcases.HomePageTest@69e153c5]" started-at="2022-06-15T07:27:11 IST" name="verifyMonitors" finished-at="2022-06-15T07:27:12 IST" duration-ms="579" status="PASS">
          <reporter-output>
          </reporter-output>
        </test-method> <!-- verifyMonitors -->
        <test-method is-config="true" signature="tearDown()[pri:0, instance:com.qa.nvn.testcases.HomePageTest@69e153c5]" started-at="2022-06-15T07:27:12 IST" name="tearDown" finished-at="2022-06-15T07:27:12 IST" duration-ms="867" status="PASS">
          <reporter-output>
          </reporter-output>
        </test-method> <!-- tearDown -->
        <test-method is-config="true" signature="setUp()[pri:0, instance:com.qa.nvn.testcases.HomePageTest@69e153c5]" started-at="2022-06-15T07:27:12 IST" name="setUp" finished-at="2022-06-15T07:27:18 IST" duration-ms="5747" status="PASS">
          <reporter-output>
          </reporter-output>
        </test-method> <!-- setUp -->
        <test-method signature="verifySearchFunction()[pri:0, instance:com.qa.nvn.testcases.HomePageTest@69e153c5]" started-at="2022-06-15T07:27:18 IST" name="verifySearchFunction" finished-at="2022-06-15T07:27:19 IST" duration-ms="665" status="PASS">
          <reporter-output>
          </reporter-output>
        </test-method> <!-- verifySearchFunction -->
        <test-method is-config="true" signature="tearDown()[pri:0, instance:com.qa.nvn.testcases.HomePageTest@69e153c5]" started-at="2022-06-15T07:27:19 IST" name="tearDown" finished-at="2022-06-15T07:27:20 IST" duration-ms="849" status="PASS">
          <reporter-output>
          </reporter-output>
        </test-method> <!-- tearDown -->
        <test-method is-config="true" signature="setUp()[pri:0, instance:com.qa.nvn.testcases.HomePageTest@69e153c5]" started-at="2022-06-15T07:27:20 IST" name="setUp" finished-at="2022-06-15T07:27:24 IST" duration-ms="4591" status="PASS">
          <reporter-output>
          </reporter-output>
        </test-method> <!-- setUp -->
        <test-method signature="verifyhomePageTitle()[pri:0, instance:com.qa.nvn.testcases.HomePageTest@69e153c5]" started-at="2022-06-15T07:27:24 IST" name="verifyhomePageTitle" finished-at="2022-06-15T07:27:24 IST" duration-ms="49" status="FAIL">
          <exception class="java.lang.AssertionError">
            <message>
              <![CDATA[Incorrect HomePage expected [My Account] but found [Account Login]]]>
            </message>
            <full-stacktrace>
              <![CDATA[java.lang.AssertionError: Incorrect HomePage expected [My Account] but found [Account Login]
at org.testng.Assert.fail(Assert.java:110)
at org.testng.Assert.failNotEquals(Assert.java:1413)
at org.testng.Assert.assertEqualsImpl(Assert.java:149)
at org.testng.Assert.assertEquals(Assert.java:131)
at org.testng.Assert.assertEquals(Assert.java:655)
at com.qa.nvn.testcases.HomePageTest.verifyhomePageTitle(HomePageTest.java:38)
at java.base/jdk.internal.reflect.NativeMethodAccessorImpl.invoke0(Native Method)
at java.base/jdk.internal.reflect.NativeMethodAccessorImpl.invoke(NativeMethodAccessorImpl.java:62)
at java.base/jdk.internal.reflect.DelegatingMethodAccessorImpl.invoke(DelegatingMethodAccessorImpl.java:43)
at java.base/java.lang.reflect.Method.invoke(Method.java:566)
at org.testng.internal.invokers.MethodInvocationHelper.invokeMethod(MethodInvocationHelper.java:139)
at org.testng.internal.invokers.TestInvoker.invokeMethod(TestInvoker.java:677)
at org.testng.internal.invokers.TestInvoker.invokeTestMethod(TestInvoker.java:221)
at org.testng.internal.invokers.MethodRunner.runInSequence(MethodRunner.java:50)
at org.testng.internal.invokers.TestInvoker$MethodInvocationAgent.invoke(TestInvoker.java:962)
at org.testng.internal.invokers.TestInvoker.invokeTestMethods(TestInvoker.java:194)
at org.testng.internal.invokers.TestMethodWorker.invokeTestMethods(TestMethodWorker.java:148)
at org.testng.internal.invokers.TestMethodWorker.run(TestMethodWorker.java:128)
at java.base/java.util.ArrayList.forEach(ArrayList.java:1541)
at org.testng.TestRunner.privateRun(TestRunner.java:806)
at org.testng.TestRunner.run(TestRunner.java:601)
at org.testng.SuiteRunner.runTest(SuiteRunner.java:433)
at org.testng.SuiteRunner.runSequentially(SuiteRunner.java:427)
at org.testng.SuiteRunner.privateRun(SuiteRunner.java:387)
at org.testng.SuiteRunner.run(SuiteRunner.java:330)
at org.testng.SuiteRunnerWorker.runSuite(SuiteRunnerWorker.java:52)
at org.testng.SuiteRunnerWorker.run(SuiteRunnerWorker.java:95)
at org.testng.TestNG.runSuitesSequentially(TestNG.java:1256)
at org.testng.TestNG.runSuitesLocally(TestNG.java:1176)
at org.testng.TestNG.runSuites(TestNG.java:1099)
at org.testng.TestNG.run(TestNG.java:1067)
at org.testng.remote.AbstractRemoteTestNG.run(AbstractRemoteTestNG.java:115)
at org.testng.remote.RemoteTestNG.initAndRun(RemoteTestNG.java:251)
at org.testng.remote.RemoteTestNG.main(RemoteTestNG.java:77)
]]>
            </full-stacktrace>
          </exception> <!-- java.lang.AssertionError -->
          <reporter-output>
          </reporter-output>
        </test-method> <!-- verifyhomePageTitle -->
        <test-method is-config="true" signature="tearDown()[pri:0, instance:com.qa.nvn.testcases.HomePageTest@69e153c5]" started-at="2022-06-15T07:27:24 IST" name="tearDown" finished-at="2022-06-15T07:27:25 IST" duration-ms="908" status="PASS">
          <reporter-output>
          </reporter-output>
        </test-method> <!-- tearDown -->
      </class> <!-- com.qa.nvn.testcases.HomePageTest -->
    </test> <!-- Default test -->
  </suite> <!-- Default suite -->
</testng-results>
